<?xml version="1.0" encoding="UTF-8"?>
<testsuite xmlns:xsi="http://www.w3.org/2001/XMLSchema-instance" xsi:noNamespaceSchemaLocation="https://maven.apache.org/surefire/maven-surefire-plugin/xsd/surefire-test-report-3.0.xsd" version="3.0" name="mybatis.AirlineTest" time="0.727" tests="3" errors="0" skipped="0" failures="0">
  <properties>
[...]
</properties>
  <testcase name="deleteAirline" classname="mybatis.AirlineTest" time="0.444"/>
  <testcase name="testCreateAirline" classname="mybatis.AirlineTest" time="0.117">
    <system-out><![CDATA[Airline from DB: Airline{airlineId=14, airlineName='Delta Airlines'}
]]></system-out>
  </testcase>
  <testcase name="updateAirline" classname="mybatis.AirlineTest" time="0.16"/>
</testsuite>